#
# A fatal error has been detected by the Java Runtime Environment:
#
#  EXCEPTION_ACCESS_VIOLATION (0xc0000005) at pc=0x00007ffa48442a8f, pid=8020, tid=17208
#
# JRE version: OpenJDK Runtime Environment Temurin-11.0.12+7 (11.0.12+7) (build 11.0.12+7)
# Java VM: OpenJDK 64-Bit Server VM Temurin-11.0.12+7 (11.0.12+7, mixed mode, tiered, compressed oops, parallel gc, windows-amd64)
# Problematic frame:
# V  [jvm.dll+0x372a8f]
#
# No core dump will be written. Minidumps are not enabled by default on client versions of Windows
#
# If you would like to submit a bug report, please visit:
#   https://github.com/adoptium/adoptium-support/issues
#

---------------  S U M M A R Y ------------

Command Line: --add-modules=ALL-SYSTEM --add-opens=java.base/java.util=ALL-UNNAMED --add-opens=java.base/java.lang=ALL-UNNAMED -Declipse.application=org.eclipse.jdt.ls.core.id1 -Dosgi.bundles.defaultStartLevel=4 -Declipse.product=org.eclipse.jdt.ls.core.product -Djava.import.generatesMetadataFilesAtProjectRoot=false -Dfile.encoding=utf8 -DwatchParentProcess=false -XX:+UseParallelGC -XX:GCTimeRatio=4 -XX:AdaptiveSizePolicyWeight=90 -Dsun.zip.disableMemoryMapping=true -Xmx1G -Xms100m -XX:+HeapDumpOnOutOfMemoryError -XX:HeapDumpPath=c:\Users\lejim\AppData\Roaming\Code\User\workspaceStorage\88d44dc14aff1e74930f3216eb1fdfc7\redhat.java -Xverify:none c:\Users\lejim\.vscode\extensions\redhat.java-1.1.0\server\plugins\org.eclipse.equinox.launcher_1.6.400.v20210924-0641.jar -configuration c:\Users\lejim\AppData\Roaming\Code\User\globalStorage\redhat.java\1.1.0\config_win -data c:\Users\lejim\AppData\Roaming\Code\User\workspaceStorage\88d44dc14aff1e74930f3216eb1fdfc7\redhat.java\jdt_ws

Host: Intel(R) Core(TM) i7-9700K CPU @ 3.60GHz, 8 cores, 15G,  Windows 10 , 64 bit Build 19041 (10.0.19041.1348)
Time: Sat Dec  4 14:42:35 2021 Eastern Standard Time elapsed time: 3.855257 seconds (0d 0h 0m 3s)

---------------  T H R E A D  ---------------

Current thread (0x0000018436baf000):  JavaThread "ForkJoinPool.commonPool-worker-9" daemon [_thread_in_vm, id=17208, stack(0x0000004d29100000,0x0000004d29200000)]

Stack: [0x0000004d29100000,0x0000004d29200000],  sp=0x0000004d291fe960,  free space=1018k
Native frames: (J=compiled Java code, j=interpreted, Vv=VM code, C=native code)
V  [jvm.dll+0x372a8f]
C  0x000001841224dd6d

Java frames: (J=compiled Java code, j=interpreted, Vv=VM code)
j  org.eclipse.jdt.internal.core.util.PublicScanner.pushLineSeparator()V+98
j  org.eclipse.jdt.internal.core.util.PublicScanner.getNextToken()I+288
j  org.eclipse.jdt.ls.core.internal.handlers.FoldingRangeHandler.getNextToken(Lorg/eclipse/jdt/core/compiler/IScanner;)I+6
j  org.eclipse.jdt.ls.core.internal.handlers.FoldingRangeHandler.computeFoldingRanges(Ljava/util/List;Lorg/eclipse/jdt/core/ITypeRoot;Lorg/eclipse/core/runtime/IProgressMonitor;)V+319
j  org.eclipse.jdt.ls.core.internal.handlers.FoldingRangeHandler.foldingRange(Lorg/eclipse/lsp4j/FoldingRangeRequestParams;Lorg/eclipse/core/runtime/IProgressMonitor;)Ljava/util/List;+104
j  org.eclipse.jdt.ls.core.internal.handlers.JDTLanguageServer.lambda$29(Lorg/eclipse/lsp4j/FoldingRangeRequestParams;Lorg/eclipse/core/runtime/IProgressMonitor;)Ljava/util/List;+14
j  org.eclipse.jdt.ls.core.internal.handlers.JDTLanguageServer$$Lambda$359.apply(Ljava/lang/Object;)Ljava/lang/Object;+12
j  org.eclipse.jdt.ls.core.internal.handlers.JDTLanguageServer.lambda$53(Ljava/util/function/Function;Lorg/eclipse/lsp4j/jsonrpc/CancelChecker;)Ljava/lang/Object;+11
j  org.eclipse.jdt.ls.core.internal.handlers.JDTLanguageServer$$Lambda$360.apply(Ljava/lang/Object;)Ljava/lang/Object;+12
j  java.util.concurrent.CompletableFuture$UniApply.tryFire(I)Ljava/util/concurrent/CompletableFuture;+106 java.base@11.0.12
j  java.util.concurrent.CompletableFuture$Completion.exec()Z+2 java.base@11.0.12
j  java.util.concurrent.ForkJoinTask.doExec()I+10 java.base@11.0.12
j  java.util.concurrent.ForkJoinPool$WorkQueue.topLevelExec(Ljava/util/concurrent/ForkJoinTask;Ljava/util/concurrent/ForkJoinPool$WorkQueue;I)V+12 java.base@11.0.12
j  java.util.concurrent.ForkJoinPool.scan(Ljava/util/concurrent/ForkJoinPool$WorkQueue;I)Z+182 java.base@11.0.12
j  java.util.concurrent.ForkJoinPool.runWorker(Ljava/util/concurrent/ForkJoinPool$WorkQueue;)V+25 java.base@11.0.12
j  java.util.concurrent.ForkJoinWorkerThread.run()V+24 java.base@11.0.12
v  ~StubRoutines::call_stub

siginfo: EXCEPTION_ACCESS_VIOLATION (0xc0000005), reading address 0x00000000ec4630f4


Register to memory mapping:

RIP=0x00007ffa48442a8f jvm.dll
RAX=0x000000000000000c is an unknown value
RBX=0x00000000ec4630e8 is an unallocated location in the heap
RCX=0x0000004d291fe9a0 is pointing into the stack for thread: 0x0000018436baf000
RDX=0x00007ffa48938e98 jvm.dll
RSP=0x0000004d291fe960 is pointing into the stack for thread: 0x0000018436baf000
RBP=0x0000018424fb0790 points into unknown readable memory: 0x0000000000000000 | 00 00 00 00 00 00 00 00
RSI=0x000001843502da50 points into unknown readable memory: 0x00007ffa00000002 | 02 00 00 00 fa 7f 00 00
RDI=0x0000018436baf000 is a thread
R8 =0x0000000000001161 is an unknown value
R9 =0x0000000000000004 is an unknown value
R10=0x00000184373cd420 points into unknown readable memory: 0x0000001e00000003 | 03 00 00 00 1e 00 00 00
R11=0x0000004d291fe950 is pointing into the stack for thread: 0x0000018436baf000
R12=0x0000000000001161 is an unknown value
R13=0x00000000000003d8 is an unknown value
R14=0x0000018424fb07a0 points into unknown readable memory: 0x00007ffa4893efb0 | b0 ef 93 48 fa 7f 00 00
R15=0x0000018424fb0b78 points into unknown readable memory: 0x88000874c0a77ff2 | f2 7f a7 c0 74 08 00 88


Registers:
RAX=0x000000000000000c, RBX=0x00000000ec4630e8, RCX=0x0000004d291fe9a0, RDX=0x00007ffa48938e98
RSP=0x0000004d291fe960, RBP=0x0000018424fb0790, RSI=0x000001843502da50, RDI=0x0000018436baf000
R8 =0x0000000000001161, R9 =0x0000000000000004, R10=0x00000184373cd420, R11=0x0000004d291fe950
R12=0x0000000000001161, R13=0x00000000000003d8, R14=0x0000018424fb07a0, R15=0x0000018424fb0b78
RIP=0x00007ffa48442a8f, EFLAGS=0x0000000000010202

Top of Stack: (sp=0x0000004d291fe960)
0x0000004d291fe960:   0000018435b163d8 00000000ec4630e8
0x0000004d291fe970:   000000000000000d 0000018436baf000
0x0000004d291fe980:   0000018436baf000 0000004d291feb18
0x0000004d291fe990:   0000018436baf000 0000018412248e10
0x0000004d291fe9a0:   00007ffa489abdf0 0000005000000000
0x0000004d291fe9b0:   0000000000000000 0000000000000000
0x0000004d291fe9c0:   0000000000000000 0000000000000000
0x0000004d291fe9d0:   0000000000000000 0000004d291fe9f1
0x0000004d291fe9e0:   0000000000000000 0000000000000030
0x0000004d291fe9f0:   0000018412240000 0000018412248e10
0x0000004d291fea00:   0000018400000000 0000004d291feb60
0x0000004d291fea10:   0000004d291feb18 0000005000000000
0x0000004d291fea20:   0000000000000028 0000000000000000
0x0000004d291fea30:   0000c1cfd7d8dc27 0000000000000000
0x0000004d291fea40:   0000018436baf000 0000004d291feb10
0x0000004d291fea50:   0000018435b162aa 0000000000000000 

Instructions: (pc=0x00007ffa48442a8f)
0x00007ffa4844298f:   00 00 00 75 1a 8b 83 d8 00 00 00 c1 e8 1d a8 01
0x00007ffa4844299f:   75 0d 8b 83 d8 00 00 00 c1 e8 02 a8 01 74 0a b2
0x00007ffa484429af:   01 48 8b cb e8 a8 7f 3d 00 48 8b 9c 24 80 00 00
0x00007ffa484429bf:   00 48 83 c4 40 41 5f 41 5e 5f 5e 5d c3 cc cc cc
0x00007ffa484429cf:   cc 4c 8b dc 57 48 81 ec 10 01 00 00 48 8b 05 26
0x00007ffa484429df:   e5 6d 00 48 33 c4 48 89 84 24 d0 00 00 00 49 89
0x00007ffa484429ef:   5b 20 48 8b f9 49 89 73 e8 48 8b da 4d 89 63 e0
0x00007ffa484429ff:   ba 03 00 00 00 45 8b e0 48 89 4c 24 30 4c 8b c1
0x00007ffa48442a0f:   c7 81 c0 03 00 00 06 00 00 00 e8 42 da ff ff 48
0x00007ffa48442a1f:   83 7f 08 00 0f 85 ed 00 00 00 48 8b b7 78 02 00
0x00007ffa48442a2f:   00 48 8d 4c 24 40 48 89 ac 24 08 01 00 00 33 d2
0x00007ffa48442a3f:   4c 89 ac 24 f0 00 00 00 4c 89 b4 24 e8 00 00 00
0x00007ffa48442a4f:   48 8b 6e 10 4c 8b 76 18 4c 8b 6e 28 4c 89 bc 24
0x00007ffa48442a5f:   e0 00 00 00 4c 8b 7e 20 e8 b4 fc 28 00 80 3d ee
0x00007ffa48442a6f:   11 71 00 00 48 8d 15 1e 64 4f 00 b9 0c 00 00 00
0x00007ffa48442a7f:   b8 10 00 00 00 0f 45 c1 45 8b c4 48 8d 4c 24 40
0x00007ffa48442a8f:   44 8b 0c 18 e8 f8 13 29 00 48 8b 1d 81 86 74 00
0x00007ffa48442a9f:   48 8d 4c 24 40 e8 37 04 29 00 4c 8b cb 48 89 44
0x00007ffa48442aaf:   24 20 41 b8 bc 01 00 00 48 8d 15 d2 d1 52 00 48
0x00007ffa48442abf:   8b cf e8 3a 7d f5 ff 48 8d 4c 24 40 e8 a0 fd 28
0x00007ffa48442acf:   00 48 83 7d 00 00 74 13 49 8b d5 48 8b ce e8 0e
0x00007ffa48442adf:   ff d4 ff 48 8b cd e8 76 fe d4 ff 4c 8b ac 24 f0
0x00007ffa48442aef:   00 00 00 48 89 6e 10 48 8b ac 24 08 01 00 00 4c
0x00007ffa48442aff:   89 76 18 4c 8b b4 24 e8 00 00 00 4c 89 7e 20 4c
0x00007ffa48442b0f:   8b bc 24 e0 00 00 00 48 8b 9f f0 00 00 00 4c 8b
0x00007ffa48442b1f:   a4 24 f8 00 00 00 48 8b 43 10 48 8b 73 08 48 83
0x00007ffa48442b2f:   38 00 74 19 48 8b 53 28 48 8b ce e8 b1 fe d4 ff
0x00007ffa48442b3f:   48 8b 4b 10 e8 18 fe d4 ff 48 8b 43 10 48 89 46
0x00007ffa48442b4f:   10 48 8b 43 18 48 89 46 18 48 8b 43 20 48 8b 9c
0x00007ffa48442b5f:   24 38 01 00 00 48 89 46 20 83 bf 08 04 00 00 02
0x00007ffa48442b6f:   48 8b b4 24 00 01 00 00 75 08 48 8b cf e8 9f 72
0x00007ffa48442b7f:   3d 00 ba 06 00 00 00 48 8d 4c 24 30 44 8d 42 02 


Stack slot to memory mapping:
stack at sp + 0 slots: {method} {0x0000018435b163e0} 'pushLineSeparator' '()V' in 'org/eclipse/jdt/internal/core/util/PublicScanner'
stack at sp + 1 slots: 0x00000000ec4630e8 is an unallocated location in the heap
stack at sp + 2 slots: 0x000000000000000d is an unknown value
stack at sp + 3 slots: 0x0000018436baf000 is a thread
stack at sp + 4 slots: 0x0000018436baf000 is a thread
stack at sp + 5 slots: 0x0000004d291feb18 is pointing into the stack for thread: 0x0000018436baf000
stack at sp + 6 slots: 0x0000018436baf000 is a thread
stack at sp + 7 slots: 0x0000018412248e10 is at code_begin+-112 in 
[CodeBlob (0x0000018412248e10)]
Framesize: 0
BufferBlob (0x0000018412248e10) used for Interpreter


---------------  P R O C E S S  ---------------

Threads class SMR info:
_java_thread_list=0x0000018428c81470, length=32, elements={
0x0000018409b1e000, 0x0000018423c31000, 0x0000018423c33000, 0x0000018424cd5000,
0x0000018423c3e800, 0x0000018424c83800, 0x0000018424c85000, 0x0000018424c8b800,
0x0000018409bfc000, 0x0000018424e29800, 0x0000018425ee6000, 0x000001842632c800,
0x0000018426329000, 0x00000184263c4800, 0x0000018426cf6000, 0x0000018426efe800,
0x0000018427019800, 0x0000018427098800, 0x0000018427201800, 0x00000184273cf000,
0x00000184273d3800, 0x00000184273d5000, 0x0000018424e41800, 0x00000184273d2800,
0x0000018428d23000, 0x00000184273d6000, 0x00000184273d0000, 0x00000184273d1800,
0x00000184273d4000, 0x0000018436bb1800, 0x0000018436baf000, 0x0000018436bb2000
}

Java Threads: ( => current thread )
  0x0000018409b1e000 JavaThread "main" [_thread_blocked, id=22260, stack(0x0000004d26800000,0x0000004d26900000)]
  0x0000018423c31000 JavaThread "Reference Handler" daemon [_thread_blocked, id=2580, stack(0x0000004d26b00000,0x0000004d26c00000)]
  0x0000018423c33000 JavaThread "Finalizer" daemon [_thread_blocked, id=16080, stack(0x0000004d26c00000,0x0000004d26d00000)]
  0x0000018424cd5000 JavaThread "Signal Dispatcher" daemon [_thread_blocked, id=10508, stack(0x0000004d26d00000,0x0000004d26e00000)]
  0x0000018423c3e800 JavaThread "Attach Listener" daemon [_thread_blocked, id=22152, stack(0x0000004d26e00000,0x0000004d26f00000)]
  0x0000018424c83800 JavaThread "Service Thread" daemon [_thread_blocked, id=17676, stack(0x0000004d26f00000,0x0000004d27000000)]
  0x0000018424c85000 JavaThread "C2 CompilerThread0" daemon [_thread_in_native, id=23196, stack(0x0000004d27000000,0x0000004d27100000)]
  0x0000018424c8b800 JavaThread "C1 CompilerThread0" daemon [_thread_blocked, id=22896, stack(0x0000004d27100000,0x0000004d27200000)]
  0x0000018409bfc000 JavaThread "Sweeper thread" daemon [_thread_blocked, id=24284, stack(0x0000004d27200000,0x0000004d27300000)]
  0x0000018424e29800 JavaThread "Common-Cleaner" daemon [_thread_blocked, id=5040, stack(0x0000004d27300000,0x0000004d27400000)]
  0x0000018425ee6000 JavaThread "Active Thread: Equinox Container: 729ccc8b-08f4-43fa-b105-1d402d72e22d" [_thread_blocked, id=25028, stack(0x0000004d27700000,0x0000004d27800000)]
  0x000001842632c800 JavaThread "Framework Event Dispatcher: Equinox Container: 729ccc8b-08f4-43fa-b105-1d402d72e22d" daemon [_thread_blocked, id=24740, stack(0x0000004d27800000,0x0000004d27900000)]
  0x0000018426329000 JavaThread "Start Level: Equinox Container: 729ccc8b-08f4-43fa-b105-1d402d72e22d" daemon [_thread_blocked, id=24780, stack(0x0000004d27c00000,0x0000004d27d00000)]
  0x00000184263c4800 JavaThread "SCR Component Actor" daemon [_thread_blocked, id=24788, stack(0x0000004d27d00000,0x0000004d27e00000)]
  0x0000018426cf6000 JavaThread "Timer-0" daemon [_thread_blocked, id=24792, stack(0x0000004d27e00000,0x0000004d27f00000)]
  0x0000018426efe800 JavaThread "Bundle File Closer" daemon [_thread_blocked, id=25024, stack(0x0000004d27f00000,0x0000004d28000000)]
  0x0000018427019800 JavaThread "Worker-JM" [_thread_blocked, id=2148, stack(0x0000004d28000000,0x0000004d28100000)]
  0x0000018427098800 JavaThread "Worker-0: Publish Diagnostics" [_thread_blocked, id=15976, stack(0x0000004d28300000,0x0000004d28400000)]
  0x0000018427201800 JavaThread "Worker-1" [_thread_blocked, id=18072, stack(0x0000004d28400000,0x0000004d28500000)]
  0x00000184273cf000 JavaThread "Java indexing" daemon [_thread_blocked, id=18096, stack(0x0000004d28500000,0x0000004d28600000)]
  0x00000184273d3800 JavaThread "pool-2-thread-1" [_thread_in_native, id=18120, stack(0x0000004d28800000,0x0000004d28900000)]
  0x00000184273d5000 JavaThread "Worker-2" [_thread_blocked, id=18116, stack(0x0000004d28900000,0x0000004d28a00000)]
  0x0000018424e41800 JavaThread "C2 CompilerThread1" daemon [_thread_blocked, id=16592, stack(0x0000004d27400000,0x0000004d27500000)]
  0x00000184273d2800 JavaThread "Keep-Alive-Timer" daemon [_thread_blocked, id=16616, stack(0x0000004d27600000,0x0000004d27700000)]
  0x0000018428d23000 JavaThread "C2 CompilerThread2" daemon [_thread_blocked, id=16620, stack(0x0000004d28b00000,0x0000004d28c00000)]
  0x00000184273d6000 JavaThread "Worker-3: Initialize workspace" [_thread_blocked, id=824, stack(0x0000004d28c00000,0x0000004d28d00000)]
  0x00000184273d0000 JavaThread "ForkJoinPool.commonPool-worker-3" daemon [_thread_blocked, id=11204, stack(0x0000004d28d00000,0x0000004d28e00000)]
  0x00000184273d1800 JavaThread "ForkJoinPool.commonPool-worker-5" daemon [_thread_blocked, id=24288, stack(0x0000004d28e00000,0x0000004d28f00000)]
  0x00000184273d4000 JavaThread "ForkJoinPool.commonPool-worker-7" daemon [_thread_blocked, id=7036, stack(0x0000004d28f00000,0x0000004d29000000)]
  0x0000018436bb1800 JavaThread "Thread-2" daemon [_thread_blocked, id=13432, stack(0x0000004d29000000,0x0000004d29100000)]
=>0x0000018436baf000 JavaThread "ForkJoinPool.commonPool-worker-9" daemon [_thread_in_vm, id=17208, stack(0x0000004d29100000,0x0000004d29200000)]
  0x0000018436bb2000 JavaThread "ForkJoinPool.commonPool-worker-11" daemon [_thread_blocked, id=23332, stack(0x0000004d29200000,0x0000004d29300000)]

Other Threads:
  0x0000018423c1d000 VMThread "VM Thread" [stack: 0x0000004d26a00000,0x0000004d26b00000] [id=19784]
  0x0000018424ebe000 WatcherThread [stack: 0x0000004d27500000,0x0000004d27600000] [id=22424]
  0x0000018409b39800 GCTaskThread "ParGC Thread#0" [stack: 0x0000004d26900000,0x0000004d26a00000] [id=8384]
  0x0000018426d1f800 GCTaskThread "ParGC Thread#1" [stack: 0x0000004d27900000,0x0000004d27a00000] [id=24760]
  0x0000018426d20000 GCTaskThread "ParGC Thread#2" [stack: 0x0000004d27a00000,0x0000004d27b00000] [id=24764]
  0x0000018426322800 GCTaskThread "ParGC Thread#3" [stack: 0x0000004d27b00000,0x0000004d27c00000] [id=24768]
  0x0000018427164800 GCTaskThread "ParGC Thread#4" [stack: 0x0000004d28100000,0x0000004d28200000] [id=13872]
  0x0000018427203800 GCTaskThread "ParGC Thread#5" [stack: 0x0000004d28200000,0x0000004d28300000] [id=18732]
  0x000001842753d800 GCTaskThread "ParGC Thread#6" [stack: 0x0000004d28600000,0x0000004d28700000] [id=18092]
  0x00000184274eb800 GCTaskThread "ParGC Thread#7" [stack: 0x0000004d28700000,0x0000004d28800000] [id=18000]

Threads with active compile tasks:
C2 CompilerThread0   3896 5303       4       org.eclipse.jdt.internal.compiler.lookup.BinaryTypeBinding::createMethod (1687 bytes)
C1 CompilerThread0   3896 5734   !   3       org.eclipse.jdt.internal.core.util.PublicScanner::getNextToken (3933 bytes)
C2 CompilerThread1   3896 5665       4       org.eclipse.jdt.internal.compiler.parser.Parser::consumeRule (7754 bytes)
C2 CompilerThread2   3896 5362       4       java.nio.file.Files::newDirectoryStream (12 bytes)

VM state:synchronizing (normal execution)

VM Mutex/Monitor currently owned by a thread:  ([mutex/lock_event])
[0x0000018409b1b1b0] Threads_lock - owner thread: 0x0000018423c1d000

Heap address: 0x00000000c0000000, size: 1024 MB, Compressed Oops mode: 32-bit
Narrow klass base: 0x0000000000000000, Narrow klass shift: 3
Compressed class space size: 1073741824 Address: 0x0000000100000000

Heap:
 PSYoungGen      total 20480K, used 653K [0x00000000eab00000, 0x00000000ec280000, 0x0000000100000000)
  eden space 19968K, 3% used [0x00000000eab00000,0x00000000eaba37f0,0x00000000ebe80000)
  from space 512K, 0% used [0x00000000ebf00000,0x00000000ebf00000,0x00000000ebf80000)
  to   space 1536K, 0% used [0x00000000ec100000,0x00000000ec100000,0x00000000ec280000)
 ParOldGen       total 68608K, used 34287K [0x00000000c0000000, 0x00000000c4300000, 0x00000000eab00000)
  object space 68608K, 49% used [0x00000000c0000000,0x00000000c217bf98,0x00000000c4300000)
 Metaspace       used 56219K, capacity 58861K, committed 59136K, reserved 1101824K
  class space    used 5716K, capacity 6684K, committed 6784K, reserved 1048576K

Card table byte_map: [0x00000184094e0000,0x00000184096f0000] _byte_map_base: 0x0000018408ee0000

Marking Bits: (ParMarkBitMap*) 0x00007ffa48b6bcf0
 Begin Bits: [0x0000018421240000, 0x0000018422240000)
 End Bits:   [0x0000018422240000, 0x0000018423240000)

Polling page: 0x0000018407ab0000

Metaspace:

Usage:
  Non-class:     50.95 MB capacity,    49.32 MB ( 97%) used,     1.52 MB (  3%) free+waste,   117.25 KB ( <1%) overhead. 
      Class:      6.53 MB capacity,     5.58 MB ( 86%) used,   913.04 KB ( 14%) free+waste,    54.38 KB ( <1%) overhead. 
       Both:     57.48 MB capacity,    54.90 MB ( 96%) used,     2.41 MB (  4%) free+waste,   171.63 KB ( <1%) overhead. 

Virtual space:
  Non-class space:       52.00 MB reserved,      51.13 MB ( 98%) committed 
      Class space:        1.00 GB reserved,       6.63 MB ( <1%) committed 
             Both:        1.05 GB reserved,      57.75 MB (  5%) committed 

Chunk freelists:
   Non-Class:  47.00 KB
       Class:  4.00 KB
        Both:  51.00 KB

MaxMetaspaceSize: 17179869184.00 GB
CompressedClassSpaceSize: 1.00 GB
Initial GC threshold: 20.80 MB
Current GC threshold: 95.84 MB
CDS: off

CodeHeap 'non-profiled nmethods': size=120000Kb used=2836Kb max_used=2836Kb free=117163Kb
 bounds [0x0000018419d10000, 0x0000018419fe0000, 0x0000018421240000]
CodeHeap 'profiled nmethods': size=120000Kb used=13223Kb max_used=13223Kb free=106776Kb
 bounds [0x00000184127e0000, 0x00000184134d0000, 0x0000018419d10000]
CodeHeap 'non-nmethods': size=5760Kb used=1367Kb max_used=1367Kb free=4392Kb
 bounds [0x0000018412240000, 0x00000184124b0000, 0x00000184127e0000]
 total_blobs=6319 nmethods=5684 adapters=547
 compilation: enabled
              stopped_count=0, restarted_count=0
 full_count=0

Compilation events (20 events):
Event: 3.693 Thread 0x0000018424c8b800 nmethod 5721 0x00000184134bbc10 code [0x00000184134bc0a0, 0x00000184134bff98]
Event: 3.693 Thread 0x0000018424c8b800 5724       3       org.eclipse.core.internal.resources.Workspace::newResource (190 bytes)
Event: 3.695 Thread 0x0000018424c8b800 nmethod 5724 0x00000184134c1f10 code [0x00000184134c23c0, 0x00000184134c4498]
Event: 3.695 Thread 0x0000018424c8b800 5723       3       java.util.HashSet::isEmpty (8 bytes)
Event: 3.695 Thread 0x0000018424c8b800 nmethod 5723 0x00000184134c5090 code [0x00000184134c5240, 0x00000184134c5478]
Event: 3.695 Thread 0x0000018424c8b800 5726       3       org.eclipse.core.internal.filesystem.FileStoreUtil::compareSlashFirst (108 bytes)
Event: 3.696 Thread 0x0000018424c8b800 nmethod 5726 0x00000184134c5590 code [0x00000184134c58e0, 0x00000184134c6e18]
Event: 3.696 Thread 0x0000018424c8b800 5727 %     3       com.sun.crypto.provider.CipherBlockChaining::implDecrypt @ 28 (102 bytes)
Event: 3.696 Thread 0x0000018424c8b800 nmethod 5727% 0x00000184134c7790 code [0x00000184134c7980, 0x00000184134c7ff8]
Event: 3.696 Thread 0x0000018424c8b800 5722       1       com.google.gson.stream.JsonReader::setLenient (6 bytes)
Event: 3.697 Thread 0x0000018424c8b800 nmethod 5722 0x0000018419fd4990 code [0x0000018419fd4b40, 0x0000018419fd4bf8]
Event: 3.697 Thread 0x0000018424c8b800 5728       3       org.eclipse.core.runtime.Path::removeLastSegments (91 bytes)
Event: 3.697 Thread 0x0000018424c8b800 nmethod 5728 0x00000184134c8290 code [0x00000184134c84c0, 0x00000184134c8cf8]
Event: 3.697 Thread 0x0000018424c8b800 5729       3       com.sun.crypto.provider.CipherBlockChaining::implDecrypt (102 bytes)
Event: 3.697 Thread 0x0000018424c8b800 nmethod 5729 0x00000184134c9010 code [0x00000184134c9200, 0x00000184134c96d8]
Event: 3.697 Thread 0x0000018424c8b800 5730       3       java.lang.reflect.Field::hashCode (19 bytes)
Event: 3.698 Thread 0x0000018424c8b800 nmethod 5730 0x00000184134c9910 code [0x00000184134c9b00, 0x00000184134c9da8]
Event: 3.698 Thread 0x0000018424c8b800 5732       1       org.eclipse.jdt.internal.core.util.PublicScanner::getCurrentTokenStartPosition (5 bytes)
Event: 3.698 Thread 0x0000018424c8b800 nmethod 5732 0x0000018419fd4c90 code [0x0000018419fd4e40, 0x0000018419fd4ef8]
Event: 3.698 Thread 0x0000018424c8b800 5734   !   3       org.eclipse.jdt.internal.core.util.PublicScanner::getNextToken (3933 bytes)

GC Heap History (20 events):
Event: 2.765 GC heap before
{Heap before GC invocations=11 (full 2):
 PSYoungGen      total 26624K, used 26594K [0x00000000eab00000, 0x00000000ed280000, 0x0000000100000000)
  eden space 19968K, 100% used [0x00000000eab00000,0x00000000ebe80000,0x00000000ebe80000)
  from space 6656K, 99% used [0x00000000ec780000,0x00000000ecdf8b48,0x00000000ece00000)
  to   space 9216K, 0% used [0x00000000ebe80000,0x00000000ebe80000,0x00000000ec780000)
 ParOldGen       total 68608K, used 16112K [0x00000000c0000000, 0x00000000c4300000, 0x00000000eab00000)
  object space 68608K, 23% used [0x00000000c0000000,0x00000000c0fbc2b8,0x00000000c4300000)
 Metaspace       used 40038K, capacity 42311K, committed 42624K, reserved 1087488K
  class space    used 4081K, capacity 4918K, committed 4992K, reserved 1048576K
}
Event: 2.768 GC heap after
{Heap after GC invocations=11 (full 2):
 PSYoungGen      total 26112K, used 6098K [0x00000000eab00000, 0x00000000ecc80000, 0x0000000100000000)
  eden space 19968K, 0% used [0x00000000eab00000,0x00000000eab00000,0x00000000ebe80000)
  from space 6144K, 99% used [0x00000000ebe80000,0x00000000ec474b38,0x00000000ec480000)
  to   space 7168K, 0% used [0x00000000ec580000,0x00000000ec580000,0x00000000ecc80000)
 ParOldGen       total 68608K, used 18671K [0x00000000c0000000, 0x00000000c4300000, 0x00000000eab00000)
  object space 68608K, 27% used [0x00000000c0000000,0x00000000c123bda0,0x00000000c4300000)
 Metaspace       used 40038K, capacity 42311K, committed 42624K, reserved 1087488K
  class space    used 4081K, capacity 4918K, committed 4992K, reserved 1048576K
}
Event: 2.785 GC heap before
{Heap before GC invocations=12 (full 2):
 PSYoungGen      total 26112K, used 26065K [0x00000000eab00000, 0x00000000ecc80000, 0x0000000100000000)
  eden space 19968K, 99% used [0x00000000eab00000,0x00000000ebe7f938,0x00000000ebe80000)
  from space 6144K, 99% used [0x00000000ebe80000,0x00000000ec474b38,0x00000000ec480000)
  to   space 7168K, 0% used [0x00000000ec580000,0x00000000ec580000,0x00000000ecc80000)
 ParOldGen       total 68608K, used 18671K [0x00000000c0000000, 0x00000000c4300000, 0x00000000eab00000)
  object space 68608K, 27% used [0x00000000c0000000,0x00000000c123bda0,0x00000000c4300000)
 Metaspace       used 40383K, capacity 42695K, committed 42880K, reserved 1087488K
  class space    used 4128K, capacity 4982K, committed 4992K, reserved 1048576K
}
Event: 2.788 GC heap after
{Heap after GC invocations=12 (full 2):
 PSYoungGen      total 24576K, used 4192K [0x00000000eab00000, 0x00000000eca00000, 0x0000000100000000)
  eden space 19968K, 0% used [0x00000000eab00000,0x00000000eab00000,0x00000000ebe80000)
  from space 4608K, 90% used [0x00000000ec580000,0x00000000ec998010,0x00000000eca00000)
  to   space 5120K, 0% used [0x00000000ec000000,0x00000000ec000000,0x00000000ec500000)
 ParOldGen       total 68608K, used 22695K [0x00000000c0000000, 0x00000000c4300000, 0x00000000eab00000)
  object space 68608K, 33% used [0x00000000c0000000,0x00000000c1629c20,0x00000000c4300000)
 Metaspace       used 40383K, capacity 42695K, committed 42880K, reserved 1087488K
  class space    used 4128K, capacity 4982K, committed 4992K, reserved 1048576K
}
Event: 2.803 GC heap before
{Heap before GC invocations=13 (full 2):
 PSYoungGen      total 24576K, used 24160K [0x00000000eab00000, 0x00000000eca00000, 0x0000000100000000)
  eden space 19968K, 100% used [0x00000000eab00000,0x00000000ebe80000,0x00000000ebe80000)
  from space 4608K, 90% used [0x00000000ec580000,0x00000000ec998010,0x00000000eca00000)
  to   space 5120K, 0% used [0x00000000ec000000,0x00000000ec000000,0x00000000ec500000)
 ParOldGen       total 68608K, used 22695K [0x00000000c0000000, 0x00000000c4300000, 0x00000000eab00000)
  object space 68608K, 33% used [0x00000000c0000000,0x00000000c1629c20,0x00000000c4300000)
 Metaspace       used 40646K, capacity 43000K, committed 43264K, reserved 1087488K
  class space    used 4165K, capacity 5020K, committed 5120K, reserved 1048576K
}
Event: 2.807 GC heap after
{Heap after GC invocations=13 (full 2):
 PSYoungGen      total 22016K, used 1888K [0x00000000eab00000, 0x00000000ec600000, 0x0000000100000000)
  eden space 19968K, 0% used [0x00000000eab00000,0x00000000eab00000,0x00000000ebe80000)
  from space 2048K, 92% used [0x00000000ec000000,0x00000000ec1d8000,0x00000000ec200000)
  to   space 3072K, 0% used [0x00000000ec300000,0x00000000ec300000,0x00000000ec600000)
 ParOldGen       total 68608K, used 26757K [0x00000000c0000000, 0x00000000c4300000, 0x00000000eab00000)
  object space 68608K, 39% used [0x00000000c0000000,0x00000000c1a214b0,0x00000000c4300000)
 Metaspace       used 40646K, capacity 43000K, committed 43264K, reserved 1087488K
  class space    used 4165K, capacity 5020K, committed 5120K, reserved 1048576K
}
Event: 2.891 GC heap before
{Heap before GC invocations=14 (full 2):
 PSYoungGen      total 22016K, used 21856K [0x00000000eab00000, 0x00000000ec600000, 0x0000000100000000)
  eden space 19968K, 100% used [0x00000000eab00000,0x00000000ebe80000,0x00000000ebe80000)
  from space 2048K, 92% used [0x00000000ec000000,0x00000000ec1d8000,0x00000000ec200000)
  to   space 3072K, 0% used [0x00000000ec300000,0x00000000ec300000,0x00000000ec600000)
 ParOldGen       total 68608K, used 26757K [0x00000000c0000000, 0x00000000c4300000, 0x00000000eab00000)
  object space 68608K, 39% used [0x00000000c0000000,0x00000000c1a214b0,0x00000000c4300000)
 Metaspace       used 42418K, capacity 44736K, committed 44928K, reserved 1089536K
  class space    used 4322K, capacity 5190K, committed 5248K, reserved 1048576K
}
Event: 2.893 GC heap after
{Heap after GC invocations=14 (full 2):
 PSYoungGen      total 22528K, used 2233K [0x00000000eab00000, 0x00000000ec580000, 0x0000000100000000)
  eden space 19968K, 0% used [0x00000000eab00000,0x00000000eab00000,0x00000000ebe80000)
  from space 2560K, 87% used [0x00000000ec300000,0x00000000ec52e5b8,0x00000000ec580000)
  to   space 2560K, 0% used [0x00000000ec080000,0x00000000ec080000,0x00000000ec300000)
 ParOldGen       total 68608K, used 28573K [0x00000000c0000000, 0x00000000c4300000, 0x00000000eab00000)
  object space 68608K, 41% used [0x00000000c0000000,0x00000000c1be74b0,0x00000000c4300000)
 Metaspace       used 42418K, capacity 44736K, committed 44928K, reserved 1089536K
  class space    used 4322K, capacity 5190K, committed 5248K, reserved 1048576K
}
Event: 3.055 GC heap before
{Heap before GC invocations=15 (full 2):
 PSYoungGen      total 22528K, used 22201K [0x00000000eab00000, 0x00000000ec580000, 0x0000000100000000)
  eden space 19968K, 100% used [0x00000000eab00000,0x00000000ebe80000,0x00000000ebe80000)
  from space 2560K, 87% used [0x00000000ec300000,0x00000000ec52e5b8,0x00000000ec580000)
  to   space 2560K, 0% used [0x00000000ec080000,0x00000000ec080000,0x00000000ec300000)
 ParOldGen       total 68608K, used 28573K [0x00000000c0000000, 0x00000000c4300000, 0x00000000eab00000)
  object space 68608K, 41% used [0x00000000c0000000,0x00000000c1be74b0,0x00000000c4300000)
 Metaspace       used 48253K, capacity 50762K, committed 50944K, reserved 1093632K
  class space    used 4946K, capacity 5852K, committed 5888K, reserved 1048576K
}
Event: 3.057 GC heap after
{Heap after GC invocations=15 (full 2):
 PSYoungGen      total 21504K, used 1376K [0x00000000eab00000, 0x00000000ec380000, 0x0000000100000000)
  eden space 19968K, 0% used [0x00000000eab00000,0x00000000eab00000,0x00000000ebe80000)
  from space 1536K, 89% used [0x00000000ec080000,0x00000000ec1d8000,0x00000000ec200000)
  to   space 1536K, 0% used [0x00000000ec200000,0x00000000ec200000,0x00000000ec380000)
 ParOldGen       total 68608K, used 30656K [0x00000000c0000000, 0x00000000c4300000, 0x00000000eab00000)
  object space 68608K, 44% used [0x00000000c0000000,0x00000000c1df0188,0x00000000c4300000)
 Metaspace       used 48253K, capacity 50762K, committed 50944K, reserved 1093632K
  class space    used 4946K, capacity 5852K, committed 5888K, reserved 1048576K
}
Event: 3.222 GC heap before
{Heap before GC invocations=16 (full 2):
 PSYoungGen      total 21504K, used 21344K [0x00000000eab00000, 0x00000000ec380000, 0x0000000100000000)
  eden space 19968K, 100% used [0x00000000eab00000,0x00000000ebe80000,0x00000000ebe80000)
  from space 1536K, 89% used [0x00000000ec080000,0x00000000ec1d8000,0x00000000ec200000)
  to   space 1536K, 0% used [0x00000000ec200000,0x00000000ec200000,0x00000000ec380000)
 ParOldGen       total 68608K, used 30656K [0x00000000c0000000, 0x00000000c4300000, 0x00000000eab00000)
  object space 68608K, 44% used [0x00000000c0000000,0x00000000c1df0188,0x00000000c4300000)
 Metaspace       used 50965K, capacity 53431K, committed 53632K, reserved 1097728K
  class space    used 5268K, capacity 6177K, committed 6272K, reserved 1048576K
}
Event: 3.224 GC heap after
{Heap after GC invocations=16 (full 2):
 PSYoungGen      total 21504K, used 1408K [0x00000000eab00000, 0x00000000ec380000, 0x0000000100000000)
  eden space 19968K, 0% used [0x00000000eab00000,0x00000000eab00000,0x00000000ebe80000)
  from space 1536K, 91% used [0x00000000ec200000,0x00000000ec360000,0x00000000ec380000)
  to   space 1536K, 0% used [0x00000000ec080000,0x00000000ec080000,0x00000000ec200000)
 ParOldGen       total 68608K, used 31899K [0x00000000c0000000, 0x00000000c4300000, 0x00000000eab00000)
  object space 68608K, 46% used [0x00000000c0000000,0x00000000c1f26e68,0x00000000c4300000)
 Metaspace       used 50965K, capacity 53431K, committed 53632K, reserved 1097728K
  class space    used 5268K, capacity 6177K, committed 6272K, reserved 1048576K
}
Event: 3.473 GC heap before
{Heap before GC invocations=17 (full 2):
 PSYoungGen      total 21504K, used 21376K [0x00000000eab00000, 0x00000000ec380000, 0x0000000100000000)
  eden space 19968K, 100% used [0x00000000eab00000,0x00000000ebe80000,0x00000000ebe80000)
  from space 1536K, 91% used [0x00000000ec200000,0x00000000ec360000,0x00000000ec380000)
  to   space 1536K, 0% used [0x00000000ec080000,0x00000000ec080000,0x00000000ec200000)
 ParOldGen       total 68608K, used 31899K [0x00000000c0000000, 0x00000000c4300000, 0x00000000eab00000)
  object space 68608K, 46% used [0x00000000c0000000,0x00000000c1f26e68,0x00000000c4300000)
 Metaspace       used 53189K, capacity 55621K, committed 55808K, reserved 1099776K
  class space    used 5439K, capacity 6334K, committed 6400K, reserved 1048576K
}
Event: 3.474 GC heap after
{Heap after GC invocations=17 (full 2):
 PSYoungGen      total 21504K, used 1519K [0x00000000eab00000, 0x00000000ec580000, 0x0000000100000000)
  eden space 19968K, 0% used [0x00000000eab00000,0x00000000eab00000,0x00000000ebe80000)
  from space 1536K, 98% used [0x00000000ec080000,0x00000000ec1fbd00,0x00000000ec200000)
  to   space 3584K, 0% used [0x00000000ec200000,0x00000000ec200000,0x00000000ec580000)
 ParOldGen       total 68608K, used 33260K [0x00000000c0000000, 0x00000000c4300000, 0x00000000eab00000)
  object space 68608K, 48% used [0x00000000c0000000,0x00000000c207b190,0x00000000c4300000)
 Metaspace       used 53189K, capacity 55621K, committed 55808K, reserved 1099776K
  class space    used 5439K, capacity 6334K, committed 6400K, reserved 1048576K
}
Event: 3.698 GC heap before
{Heap before GC invocations=18 (full 2):
 PSYoungGen      total 21504K, used 21487K [0x00000000eab00000, 0x00000000ec580000, 0x0000000100000000)
  eden space 19968K, 100% used [0x00000000eab00000,0x00000000ebe80000,0x00000000ebe80000)
  from space 1536K, 98% used [0x00000000ec080000,0x00000000ec1fbd00,0x00000000ec200000)
  to   space 3584K, 0% used [0x00000000ec200000,0x00000000ec200000,0x00000000ec580000)
 ParOldGen       total 68608K, used 33260K [0x00000000c0000000, 0x00000000c4300000, 0x00000000eab00000)
  object space 68608K, 48% used [0x00000000c0000000,0x00000000c207b190,0x00000000c4300000)
 Metaspace       used 56136K, capacity 58733K, committed 58880K, reserved 1101824K
  class space    used 5712K, capacity 6684K, committed 6784K, reserved 1048576K
}
Event: 3.701 GC heap after
{Heap after GC invocations=18 (full 2):
 PSYoungGen      total 23040K, used 2878K [0x00000000eab00000, 0x00000000ec500000, 0x0000000100000000)
  eden space 19968K, 0% used [0x00000000eab00000,0x00000000eab00000,0x00000000ebe80000)
  from space 3072K, 93% used [0x00000000ec200000,0x00000000ec4cfa48,0x00000000ec500000)
  to   space 3072K, 0% used [0x00000000ebf00000,0x00000000ebf00000,0x00000000ec200000)
 ParOldGen       total 68608K, used 35189K [0x00000000c0000000, 0x00000000c4300000, 0x00000000eab00000)
  object space 68608K, 51% used [0x00000000c0000000,0x00000000c225d630,0x00000000c4300000)
 Metaspace       used 56136K, capacity 58733K, committed 58880K, reserved 1101824K
  class space    used 5712K, capacity 6684K, committed 6784K, reserved 1048576K
}
Event: 3.702 GC heap before
{Heap before GC invocations=19 (full 2):
 PSYoungGen      total 23040K, used 2955K [0x00000000eab00000, 0x00000000ec500000, 0x0000000100000000)
  eden space 19968K, 0% used [0x00000000eab00000,0x00000000eab132f8,0x00000000ebe80000)
  from space 3072K, 93% used [0x00000000ec200000,0x00000000ec4cfa48,0x00000000ec500000)
  to   space 3072K, 0% used [0x00000000ebf00000,0x00000000ebf00000,0x00000000ec200000)
 ParOldGen       total 68608K, used 35189K [0x00000000c0000000, 0x00000000c4300000, 0x00000000eab00000)
  object space 68608K, 51% used [0x00000000c0000000,0x00000000c225d630,0x00000000c4300000)
 Metaspace       used 56137K, capacity 58733K, committed 58880K, reserved 1101824K
  class space    used 5712K, capacity 6684K, committed 6784K, reserved 1048576K
}
Event: 3.703 GC heap after
{Heap after GC invocations=19 (full 2):
 PSYoungGen      total 20480K, used 64K [0x00000000eab00000, 0x00000000ec280000, 0x0000000100000000)
  eden space 19968K, 0% used [0x00000000eab00000,0x00000000eab00000,0x00000000ebe80000)
  from space 512K, 12% used [0x00000000ebf00000,0x00000000ebf10000,0x00000000ebf80000)
  to   space 1536K, 0% used [0x00000000ec100000,0x00000000ec100000,0x00000000ec280000)
 ParOldGen       total 68608K, used 37948K [0x00000000c0000000, 0x00000000c4300000, 0x00000000eab00000)
  object space 68608K, 55% used [0x00000000c0000000,0x00000000c250f170,0x00000000c4300000)
 Metaspace       used 56137K, capacity 58733K, committed 58880K, reserved 1101824K
  class space    used 5712K, capacity 6684K, committed 6784K, reserved 1048576K
}
Event: 3.703 GC heap before
{Heap before GC invocations=20 (full 3):
 PSYoungGen      total 20480K, used 64K [0x00000000eab00000, 0x00000000ec280000, 0x0000000100000000)
  eden space 19968K, 0% used [0x00000000eab00000,0x00000000eab00000,0x00000000ebe80000)
  from space 512K, 12% used [0x00000000ebf00000,0x00000000ebf10000,0x00000000ebf80000)
  to   space 1536K, 0% used [0x00000000ec100000,0x00000000ec100000,0x00000000ec280000)
 ParOldGen       total 68608K, used 37948K [0x00000000c0000000, 0x00000000c4300000, 0x00000000eab00000)
  object space 68608K, 55% used [0x00000000c0000000,0x00000000c250f170,0x00000000c4300000)
 Metaspace       used 56137K, capacity 58733K, committed 58880K, reserved 1101824K
  class space    used 5712K, capacity 6684K, committed 6784K, reserved 1048576K
}
Event: 3.824 GC heap after
{Heap after GC invocations=20 (full 3):
 PSYoungGen      total 20480K, used 0K [0x00000000eab00000, 0x00000000ec280000, 0x0000000100000000)
  eden space 19968K, 0% used [0x00000000eab00000,0x00000000eab00000,0x00000000ebe80000)
  from space 512K, 0% used [0x00000000ebf00000,0x00000000ebf00000,0x00000000ebf80000)
  to   space 1536K, 0% used [0x00000000ec100000,0x00000000ec100000,0x00000000ec280000)
 ParOldGen       total 68608K, used 34287K [0x00000000c0000000, 0x00000000c4300000, 0x00000000eab00000)
  object space 68608K, 49% used [0x00000000c0000000,0x00000000c217bf98,0x00000000c4300000)
 Metaspace       used 56137K, capacity 58733K, committed 58880K, reserved 1101824K
  class space    used 5712K, capacity 6684K, committed 6784K, reserved 1048576K
}

Deoptimization events (20 events):
Event: 3.691 Thread 0x00000184273d4000 DEOPT PACKING pc=0x0000018412a4db24 sp=0x0000004d28ffddb0
Event: 3.691 Thread 0x00000184273d4000 DEOPT UNPACKING pc=0x000001841228a95e sp=0x0000004d28ffd350 mode 0
Event: 3.691 Thread 0x00000184273d4000 Uncommon trap: trap_request=0xffffff4d fr.pc=0x0000018419d7ab5c relative=0x000000000000003c
Event: 3.691 Thread 0x00000184273d4000 Uncommon trap: reason=unstable_if action=reinterpret pc=0x0000018419d7ab5c method=sun.nio.fs.WindowsPathParser.isSlash(C)Z @ 9 c2
Event: 3.691 Thread 0x00000184273d4000 DEOPT PACKING pc=0x0000018419d7ab5c sp=0x0000004d28ffde60
Event: 3.691 Thread 0x00000184273d4000 DEOPT UNPACKING pc=0x000001841228a1af sp=0x0000004d28ffdde8 mode 2
Event: 3.693 Thread 0x00000184273d0000 Uncommon trap: trap_request=0xffffff4d fr.pc=0x0000018419f75930 relative=0x0000000000005e70
Event: 3.693 Thread 0x00000184273d0000 Uncommon trap: reason=unstable_if action=reinterpret pc=0x0000018419f75930 method=org.eclipse.osgi.internal.loader.ModuleClassLoader.lockClassName(Ljava/lang/String;)Z @ 39 c2
Event: 3.693 Thread 0x00000184273d0000 DEOPT PACKING pc=0x0000018419f75930 sp=0x0000004d28dfdea0
Event: 3.693 Thread 0x00000184273d0000 DEOPT UNPACKING pc=0x000001841228a1af sp=0x0000004d28dfdd80 mode 2
Event: 3.824 Thread 0x00000184273d3800 Uncommon trap: trap_request=0xffffff4d fr.pc=0x0000018419e7455c relative=0x000000000000039c
Event: 3.824 Thread 0x00000184273d3800 Uncommon trap: reason=unstable_if action=reinterpret pc=0x0000018419e7455c method=com.google.gson.stream.JsonReader.isLiteral(C)Z @ 1 c2
Event: 3.824 Thread 0x00000184273d3800 DEOPT PACKING pc=0x0000018419e7455c sp=0x0000004d288fe840
Event: 3.824 Thread 0x00000184273d3800 DEOPT UNPACKING pc=0x000001841228a1af sp=0x0000004d288fe708 mode 2
Event: 3.825 Thread 0x00000184273d0000 Uncommon trap: trap_request=0xffffff4d fr.pc=0x0000018419f138fc relative=0x000000000000063c
Event: 3.825 Thread 0x00000184273d0000 Uncommon trap: reason=unstable_if action=reinterpret pc=0x0000018419f138fc method=java.util.concurrent.locks.ReentrantLock$Sync.nonfairTryAcquire(I)Z @ 19 c2
Event: 3.825 Thread 0x00000184273d0000 DEOPT PACKING pc=0x0000018419f138fc sp=0x0000004d28dfd740
Event: 3.825 Thread 0x00000184273d0000 DEOPT UNPACKING pc=0x000001841228a1af sp=0x0000004d28dfd478 mode 2
Event: 3.826 Thread 0x00000184273d1800 DEOPT PACKING pc=0x0000018412d3b74c sp=0x0000004d28efdbb0
Event: 3.826 Thread 0x00000184273d1800 DEOPT UNPACKING pc=0x000001841228a95e sp=0x0000004d28efd0d0 mode 0

Classes redefined (0 events):
No events

Internal exceptions (20 events):
Event: 3.414 Thread 0x00000184273d5000 Exception <a 'java/lang/ArrayIndexOutOfBoundsException'{0x00000000eb88efc0}> (0x00000000eb88efc0) thrown at [./src/hotspot/share/runtime/sharedRuntime.cpp, line 606]
Event: 3.414 Thread 0x00000184273d5000 Exception <a 'java/lang/ArrayIndexOutOfBoundsException'{0x00000000eb890ea8}> (0x00000000eb890ea8) thrown at [./src/hotspot/share/runtime/sharedRuntime.cpp, line 606]
Event: 3.415 Thread 0x00000184273d5000 Exception <a 'java/lang/ArrayIndexOutOfBoundsException'{0x00000000eb8943f8}> (0x00000000eb8943f8) thrown at [./src/hotspot/share/runtime/sharedRuntime.cpp, line 606]
Event: 3.416 Thread 0x00000184273d5000 Exception <a 'java/lang/ArrayIndexOutOfBoundsException'{0x00000000eb8970d0}> (0x00000000eb8970d0) thrown at [./src/hotspot/share/runtime/sharedRuntime.cpp, line 606]
Event: 3.417 Thread 0x00000184273d5000 Exception <a 'java/lang/NoSuchMethodError'{0x00000000eb8a2d50}: 'int java.lang.invoke.DirectMethodHandle$Holder.invokeVirtual(java.lang.Object, java.lang.Object)'> (0x00000000eb8a2d50) thrown at [./src/hotspot/share/interpreter/linkResolver.cpp, line 773]
Event: 3.425 Thread 0x00000184273d5000 Exception <a 'java/lang/NoSuchMethodError'{0x00000000eb997a28}: 'int java.lang.invoke.DirectMethodHandle$Holder.invokeVirtual(java.lang.Object, java.lang.Object, java.lang.Object)'> (0x00000000eb997a28) thrown at [./src/hotspot/share/interpreter/linkResolver.cpp, line 773]
Event: 3.496 Thread 0x00000184273d5000 Exception <a 'sun/nio/fs/WindowsException'{0x00000000eace1d38}> (0x00000000eace1d38) thrown at [./src/hotspot/share/prims/jni.cpp, line 615]
Event: 3.552 Thread 0x00000184273d5000 Exception <a 'sun/nio/fs/WindowsException'{0x00000000eacf76c8}> (0x00000000eacf76c8) thrown at [./src/hotspot/share/prims/jni.cpp, line 615]
Event: 3.567 Thread 0x00000184273d5000 Exception <a 'sun/nio/fs/WindowsException'{0x00000000ead007d8}> (0x00000000ead007d8) thrown at [./src/hotspot/share/prims/jni.cpp, line 615]
Event: 3.572 Thread 0x00000184273d5000 Exception <a 'sun/nio/fs/WindowsException'{0x00000000ead094b0}> (0x00000000ead094b0) thrown at [./src/hotspot/share/prims/jni.cpp, line 615]
Event: 3.577 Thread 0x00000184273d5000 Exception <a 'sun/nio/fs/WindowsException'{0x00000000ead115a0}> (0x00000000ead115a0) thrown at [./src/hotspot/share/prims/jni.cpp, line 615]
Event: 3.586 Thread 0x00000184273d5000 Exception <a 'sun/nio/fs/WindowsException'{0x00000000ead1b448}> (0x00000000ead1b448) thrown at [./src/hotspot/share/prims/jni.cpp, line 615]
Event: 3.607 Thread 0x00000184273d5000 Exception <a 'sun/nio/fs/WindowsException'{0x00000000eb200b00}> (0x00000000eb200b00) thrown at [./src/hotspot/share/prims/jni.cpp, line 615]
Event: 3.613 Thread 0x00000184273d5000 Exception <a 'sun/nio/fs/WindowsException'{0x00000000eb209090}> (0x00000000eb209090) thrown at [./src/hotspot/share/prims/jni.cpp, line 615]
Event: 3.616 Thread 0x00000184273d5000 Exception <a 'sun/nio/fs/WindowsException'{0x00000000eb211810}> (0x00000000eb211810) thrown at [./src/hotspot/share/prims/jni.cpp, line 615]
Event: 3.622 Thread 0x00000184273d0000 Implicit null exception at 0x0000018419fa2ab8 to 0x0000018419fa2bf0
Event: 3.635 Thread 0x00000184273d5000 Exception <a 'sun/nio/fs/WindowsException'{0x00000000eb21b060}> (0x00000000eb21b060) thrown at [./src/hotspot/share/prims/jni.cpp, line 615]
Event: 3.660 Thread 0x00000184273d3800 Exception <a 'java/lang/ArrayIndexOutOfBoundsException'{0x00000000eb82cb00}> (0x00000000eb82cb00) thrown at [./src/hotspot/share/runtime/sharedRuntime.cpp, line 606]
Event: 3.675 Thread 0x00000184273d3800 Exception <a 'java/lang/ArrayIndexOutOfBoundsException'{0x00000000eb904568}> (0x00000000eb904568) thrown at [./src/hotspot/share/runtime/sharedRuntime.cpp, line 606]
Event: 3.702 Thread 0x0000018436baf000 Exception <a 'java/lang/ArrayIndexOutOfBoundsException'{0x00000000eab0bd38}: Index 4448 out of bounds for length 4448> (0x00000000eab0bd38) thrown at [./src/hotspot/share/interpreter/interpreterRuntime.cpp, line 444]

Events (20 events):
Event: 3.692 Executing VM operation: RevokeBias done
Event: 3.693 Executing VM operation: RevokeBias
Event: 3.693 Executing VM operation: RevokeBias done
Event: 3.693 Executing VM operation: RevokeBias
Event: 3.693 Executing VM operation: RevokeBias done
Event: 3.694 loading class java/util/concurrent/CompletableFuture$Signaller
Event: 3.695 loading class java/util/concurrent/ForkJoinPool$ManagedBlocker
Event: 3.695 loading class java/util/concurrent/ForkJoinPool$ManagedBlocker done
Event: 3.695 loading class java/util/concurrent/CompletableFuture$Signaller done
Event: 3.695 Executing VM operation: RevokeBias
Event: 3.696 Executing VM operation: RevokeBias done
Event: 3.696 Thread 0x0000018436bb2000 Thread added: 0x0000018436bb2000
Event: 3.698 loading class jdk/internal/reflect/UnsafeQualifiedStaticIntegerFieldAccessorImpl
Event: 3.698 loading class jdk/internal/reflect/UnsafeQualifiedStaticIntegerFieldAccessorImpl done
Event: 3.698 Executing VM operation: ParallelGCFailedAllocation
Event: 3.701 Executing VM operation: ParallelGCFailedAllocation done
Event: 3.702 Executing VM operation: CollectForMetadataAllocation
Event: 3.824 Executing VM operation: CollectForMetadataAllocation done
Event: 3.825 loading class org/eclipse/jdt/internal/compiler/batch/messages
Event: 3.825 loading class org/eclipse/jdt/internal/compiler/batch/messages done


Dynamic libraries:
0x00007ff79f170000 - 0x00007ff79f17d000 	C:\Program Files\Eclipse Foundation\jdk-11.0.12.7-hotspot\bin\java.exe
0x00007ffac5790000 - 0x00007ffac5985000 	C:\WINDOWS\SYSTEM32\ntdll.dll
0x00007ffac52d0000 - 0x00007ffac538e000 	C:\WINDOWS\System32\KERNEL32.DLL
0x00007ffac3470000 - 0x00007ffac3738000 	C:\WINDOWS\System32\KERNELBASE.dll
0x00007ffac3340000 - 0x00007ffac3440000 	C:\WINDOWS\System32\ucrtbase.dll
0x00007ffaac100000 - 0x00007ffaac117000 	C:\Program Files\Eclipse Foundation\jdk-11.0.12.7-hotspot\bin\jli.dll
0x00007ffaaafb0000 - 0x00007ffaaafc5000 	C:\Program Files\Eclipse Foundation\jdk-11.0.12.7-hotspot\bin\VCRUNTIME140.dll
0x00007ffac3af0000 - 0x00007ffac3c91000 	C:\WINDOWS\System32\USER32.dll
0x00007ffaaf450000 - 0x00007ffaaf6ea000 	C:\WINDOWS\WinSxS\amd64_microsoft.windows.common-controls_6595b64144ccf1df_6.0.19041.1110_none_60b5254171f9507e\COMCTL32.dll
0x00007ffac3440000 - 0x00007ffac3462000 	C:\WINDOWS\System32\win32u.dll
0x00007ffac4a30000 - 0x00007ffac4ace000 	C:\WINDOWS\System32\msvcrt.dll
0x00007ffac5170000 - 0x00007ffac519b000 	C:\WINDOWS\System32\GDI32.dll
0x00007ffac3230000 - 0x00007ffac333b000 	C:\WINDOWS\System32\gdi32full.dll
0x00007ffac3740000 - 0x00007ffac37dd000 	C:\WINDOWS\System32\msvcp_win.dll
0x00007ffac50c0000 - 0x00007ffac50f0000 	C:\WINDOWS\System32\IMM32.DLL
0x00007ffa613f0000 - 0x00007ffa6148b000 	C:\Program Files\Eclipse Foundation\jdk-11.0.12.7-hotspot\bin\msvcp140.dll
0x00007ffa480d0000 - 0x00007ffa48c29000 	C:\Program Files\Eclipse Foundation\jdk-11.0.12.7-hotspot\bin\server\jvm.dll
0x00007ffac3e80000 - 0x00007ffac3f2c000 	C:\WINDOWS\System32\ADVAPI32.dll
0x00007ffac3800000 - 0x00007ffac389b000 	C:\WINDOWS\System32\sechost.dll
0x00007ffac3d50000 - 0x00007ffac3e7a000 	C:\WINDOWS\System32\RPCRT4.dll
0x00007ffac4f50000 - 0x00007ffac4f58000 	C:\WINDOWS\System32\PSAPI.DLL
0x00007ffaab940000 - 0x00007ffaab949000 	C:\WINDOWS\SYSTEM32\WSOCK32.dll
0x00007ffab9570000 - 0x00007ffab9597000 	C:\WINDOWS\SYSTEM32\WINMM.dll
0x00007ffaba120000 - 0x00007ffaba12a000 	C:\WINDOWS\SYSTEM32\VERSION.dll
0x00007ffac4f60000 - 0x00007ffac4fcb000 	C:\WINDOWS\System32\WS2_32.dll
0x00007ffac0d90000 - 0x00007ffac0da2000 	C:\WINDOWS\SYSTEM32\kernel.appcore.dll
0x00007ffabe590000 - 0x00007ffabe5a0000 	C:\Program Files\Eclipse Foundation\jdk-11.0.12.7-hotspot\bin\verify.dll
0x00007ffab95e0000 - 0x00007ffab97c4000 	C:\WINDOWS\SYSTEM32\DBGHELP.DLL
0x00007ffaab910000 - 0x00007ffaab93c000 	C:\WINDOWS\SYSTEM32\dbgcore.DLL
0x00007ffac3040000 - 0x00007ffac30c3000 	C:\WINDOWS\System32\bcryptPrimitives.dll
0x00007ffaa4e10000 - 0x00007ffaa4e38000 	C:\Program Files\Eclipse Foundation\jdk-11.0.12.7-hotspot\bin\java.dll
0x00007ffabdd50000 - 0x00007ffabdd5a000 	C:\Program Files\Eclipse Foundation\jdk-11.0.12.7-hotspot\bin\jimage.dll
0x00007ffaaa980000 - 0x00007ffaaa997000 	C:\Program Files\Eclipse Foundation\jdk-11.0.12.7-hotspot\bin\zip.dll
0x00007ffac41d0000 - 0x00007ffac490f000 	C:\WINDOWS\System32\SHELL32.dll
0x00007ffac0f90000 - 0x00007ffac1720000 	C:\WINDOWS\SYSTEM32\windows.storage.dll
0x00007ffac53f0000 - 0x00007ffac5745000 	C:\WINDOWS\System32\combase.dll
0x00007ffac2820000 - 0x00007ffac284e000 	C:\WINDOWS\SYSTEM32\Wldp.dll
0x00007ffac3a40000 - 0x00007ffac3aed000 	C:\WINDOWS\System32\SHCORE.dll
0x00007ffac5390000 - 0x00007ffac53e5000 	C:\WINDOWS\System32\shlwapi.dll
0x00007ffac2df0000 - 0x00007ffac2e0f000 	C:\WINDOWS\SYSTEM32\profapi.dll
0x00007ffaa8360000 - 0x00007ffaa8379000 	C:\Program Files\Eclipse Foundation\jdk-11.0.12.7-hotspot\bin\net.dll
0x00007ffabb3f0000 - 0x00007ffabb4fc000 	C:\WINDOWS\SYSTEM32\WINHTTP.dll
0x00007ffac2600000 - 0x00007ffac266a000 	C:\WINDOWS\system32\mswsock.dll
0x00007ffaa6220000 - 0x00007ffaa6232000 	C:\Program Files\Eclipse Foundation\jdk-11.0.12.7-hotspot\bin\nio.dll
0x00007ffac2b60000 - 0x00007ffac2b78000 	C:\WINDOWS\SYSTEM32\CRYPTSP.dll
0x00007ffac1f30000 - 0x00007ffac1f64000 	C:\WINDOWS\system32\rsaenh.dll
0x00007ffac3010000 - 0x00007ffac3037000 	C:\WINDOWS\System32\bcrypt.dll
0x00007ffac2d70000 - 0x00007ffac2d9e000 	C:\WINDOWS\SYSTEM32\USERENV.dll
0x00007ffac2790000 - 0x00007ffac279c000 	C:\WINDOWS\SYSTEM32\CRYPTBASE.dll
0x00007ffac22c0000 - 0x00007ffac22fb000 	C:\WINDOWS\SYSTEM32\IPHLPAPI.DLL
0x00007ffac37f0000 - 0x00007ffac37f8000 	C:\WINDOWS\System32\NSI.dll
0x00007ffabd470000 - 0x00007ffabd487000 	C:\WINDOWS\SYSTEM32\dhcpcsvc6.DLL
0x00007ffabd010000 - 0x00007ffabd02d000 	C:\WINDOWS\SYSTEM32\dhcpcsvc.DLL
0x00007ffac2300000 - 0x00007ffac23cb000 	C:\WINDOWS\SYSTEM32\DNSAPI.dll
0x00007ffa99950000 - 0x00007ffa9998e000 	C:\Users\lejim\AppData\Roaming\Code\User\globalStorage\redhat.java\1.1.0\config_win\org.eclipse.equinox.launcher\org.eclipse.equinox.launcher.win32.win32.x86_64_1.2.400.v20211116-1129\eclipse_11601.dll
0x00007ffac51a0000 - 0x00007ffac52ca000 	C:\WINDOWS\System32\ole32.dll
0x00007ffa9ed30000 - 0x00007ffa9ed41000 	C:\Users\lejim\AppData\Roaming\Code\User\globalStorage\redhat.java\1.1.0\config_win\org.eclipse.osgi\23\0\.cp\jWinHttp-1.0.0.dll
0x00007ffabdaa0000 - 0x00007ffabdaae000 	C:\Program Files\Eclipse Foundation\jdk-11.0.12.7-hotspot\bin\sunmscapi.dll
0x00007ffac2eb0000 - 0x00007ffac3006000 	C:\WINDOWS\System32\CRYPT32.dll
0x00007ffac2890000 - 0x00007ffac28b7000 	C:\WINDOWS\SYSTEM32\ncrypt.dll
0x00007ffac2850000 - 0x00007ffac288b000 	C:\WINDOWS\SYSTEM32\NTASN1.dll
0x00007ffa99850000 - 0x00007ffa99875000 	C:\Program Files\Eclipse Foundation\jdk-11.0.12.7-hotspot\bin\sunec.dll
0x00007ffabc2b0000 - 0x00007ffabc2ba000 	C:\Windows\System32\rasadhlp.dll
0x00007ffabaf60000 - 0x00007ffabafdf000 	C:\WINDOWS\System32\fwpuclnt.dll

dbghelp: loaded successfully - version: 4.0.5 - missing functions: none
symbol engine: initialized successfully - sym options: 0x614 - pdb path: .;C:\Program Files\Eclipse Foundation\jdk-11.0.12.7-hotspot\bin;C:\WINDOWS\SYSTEM32;C:\WINDOWS\WinSxS\amd64_microsoft.windows.common-controls_6595b64144ccf1df_6.0.19041.1110_none_60b5254171f9507e;C:\Program Files\Eclipse Foundation\jdk-11.0.12.7-hotspot\bin\server;C:\Users\lejim\AppData\Roaming\Code\User\globalStorage\redhat.java\1.1.0\config_win\org.eclipse.equinox.launcher\org.eclipse.equinox.launcher.win32.win32.x86_64_1.2.400.v20211116-1129;C:\Users\lejim\AppData\Roaming\Code\User\globalStorage\redhat.java\1.1.0\config_win\org.eclipse.osgi\23\0\.cp

VM Arguments:
jvm_args: --add-modules=ALL-SYSTEM --add-opens=java.base/java.util=ALL-UNNAMED --add-opens=java.base/java.lang=ALL-UNNAMED -Declipse.application=org.eclipse.jdt.ls.core.id1 -Dosgi.bundles.defaultStartLevel=4 -Declipse.product=org.eclipse.jdt.ls.core.product -Djava.import.generatesMetadataFilesAtProjectRoot=false -Dfile.encoding=utf8 -DwatchParentProcess=false -XX:+UseParallelGC -XX:GCTimeRatio=4 -XX:AdaptiveSizePolicyWeight=90 -Dsun.zip.disableMemoryMapping=true -Xmx1G -Xms100m -XX:+HeapDumpOnOutOfMemoryError -XX:HeapDumpPath=c:\Users\lejim\AppData\Roaming\Code\User\workspaceStorage\88d44dc14aff1e74930f3216eb1fdfc7\redhat.java -Xverify:none 
java_command: c:\Users\lejim\.vscode\extensions\redhat.java-1.1.0\server\plugins\org.eclipse.equinox.launcher_1.6.400.v20210924-0641.jar -configuration c:\Users\lejim\AppData\Roaming\Code\User\globalStorage\redhat.java\1.1.0\config_win -data c:\Users\lejim\AppData\Roaming\Code\User\workspaceStorage\88d44dc14aff1e74930f3216eb1fdfc7\redhat.java\jdt_ws
java_class_path (initial): c:\Users\lejim\.vscode\extensions\redhat.java-1.1.0\server\plugins\org.eclipse.equinox.launcher_1.6.400.v20210924-0641.jar
Launcher Type: SUN_STANDARD

[Global flags]
    uintx AdaptiveSizePolicyWeight                 = 90                                        {product} {command line}
     bool BytecodeVerificationLocal                = false                                     {product} {command line}
     bool BytecodeVerificationRemote               = false                                     {product} {command line}
     intx CICompilerCount                          = 4                                         {product} {ergonomic}
    uintx GCTimeRatio                              = 4                                         {product} {command line}
     bool HeapDumpOnOutOfMemoryError               = true                                   {manageable} {command line}
    ccstr HeapDumpPath                             = c:\Users\lejim\AppData\Roaming\Code\User\workspaceStorage\88d44dc14aff1e74930f3216eb1fdfc7\redhat.java         {manageable} {command line}
   size_t InitialHeapSize                          = 104857600                                 {product} {command line}
   size_t MaxHeapSize                              = 1073741824                                {product} {command line}
   size_t MaxNewSize                               = 357564416                                 {product} {ergonomic}
   size_t MinHeapDeltaBytes                        = 524288                                    {product} {ergonomic}
   size_t NewSize                                  = 34603008                                  {product} {ergonomic}
    uintx NonNMethodCodeHeapSize                   = 5836300                                {pd product} {ergonomic}
    uintx NonProfiledCodeHeapSize                  = 122910970                              {pd product} {ergonomic}
   size_t OldSize                                  = 70254592                                  {product} {ergonomic}
    uintx ProfiledCodeHeapSize                     = 122910970                              {pd product} {ergonomic}
    uintx ReservedCodeCacheSize                    = 251658240                              {pd product} {ergonomic}
     bool SegmentedCodeCache                       = true                                      {product} {ergonomic}
     bool UseCompressedClassPointers               = true                                 {lp64_product} {ergonomic}
     bool UseCompressedOops                        = true                                 {lp64_product} {ergonomic}
     bool UseLargePagesIndividualAllocation        = false                                  {pd product} {ergonomic}
     bool UseParallelGC                            = true                                      {product} {command line}

Logging:
Log output configuration:
 #0: stdout all=warning uptime,level,tags
 #1: stderr all=off uptime,level,tags

Environment Variables:
JAVA_HOME=C:\Program Files\Eclipse Foundation\jdk-11.0.12.7-hotspot\
PATH=C:\Program Files\Eclipse Foundation\jdk-11.0.12.7-hotspot\bin;C:\Program Files\Eclipse Foundation\jdk-8.0.302.8-hotspot\bin;C:\Program Files\Eclipse Foundation\jdk-16.0.2.7-hotspot\bin;C:\Program Files\Common Files\Oracle\Java\javapath;C:\Program Files (x86)\Common Files\Oracle\Java\javapath;C:\Windows\system32;C:\Windows;C:\Windows\System32\Wbem;C:\Windows\System32\WindowsPowerShell\v1.0\;C:\Windows\System32\OpenSSH\;C:\Program Files\PuTTY\;C:\Program Files (x86)\Common Files\Acronis\SnapAPI\;C:\Program Files\Microsoft SQL Server\120\Tools\Binn\;S:\School Stuff\School Software\Matlab\bin;C:\Program Files\Microsoft SQL Server\130\Tools\Binn\;C:\Program Files (x86)\NVIDIA Corporation\PhysX\Common;C:\Program Files\dotnet\;O:\Flutter Stuff\Git\cmd;C:\Program Files (x86)\QuickTime\QTSystem\;C:\Program Files\nodejs\;C:\Program Files\NVIDIA Corporation\NVIDIA NvDLISR;O:\GO\Lang\bin;C:\WINDOWS\system32;C:\WINDOWS;C:\WINDOWS\System32\Wbem;C:\WINDOWS\System32\WindowsPowerShell\v1.0\;C:\WINDOWS\System32\OpenSSH\;C:\Program Files (x86)\ZeroTier\One\;C:\Users\lejim\.amplify\bin;C:\Users\lejim\.amplify\bin;O:\Ruby\Ruby30-x64\bin;C:\Users\lejim\AppData\Local\Microsoft\WindowsApps;C:\Users\lejim\.dotnet\tools;O:\VS Code\Microsoft VS Code\bin;O:\Flutter Stuff\flutter\bin;O:\Flutter Stuff\Android SDK\tools;O:\Flutter Stuff\Android SDK\platform-tools;O:\PyChar\PyCharm Community Edition 2020.2.3\bin;;C:\Users\lejim\AppData\Roaming\npm;O:\GO\Lang\go\bin;O:\GO\Lang\go;C:\Program ???????;C:\Program Files\MicroK8s\kubectl;O:\MikTex\miktex\bin\x64\
USERNAME=lejim
OS=Windows_NT
PROCESSOR_IDENTIFIER=Intel64 Family 6 Model 158 Stepping 12, GenuineIntel



---------------  S Y S T E M  ---------------

OS: Windows 10 , 64 bit Build 19041 (10.0.19041.1348)
OS uptime: 0 days 2:09 hours
Hyper-V role detected

CPU:total 8 (initial active 8) (8 cores per cpu, 1 threads per core) family 6 model 158 stepping 12 microcode 0xae, cmov, cx8, fxsr, mmx, sse, sse2, sse3, ssse3, sse4.1, sse4.2, popcnt, avx, avx2, aes, clmul, erms, rtm, 3dnowpref, lzcnt, tsc, tscinvbit, bmi1, bmi2, adx, fma

Memory: 4k page, system-wide physical 16297M (8362M free)
TotalPageFile size 19881M (AvailPageFile size 6641M)
current process WorkingSet (physical memory assigned to process): 280M, peak: 285M
current process commit charge ("private bytes"): 360M, peak: 364M

vm_info: OpenJDK 64-Bit Server VM (11.0.12+7) for windows-amd64 JRE (11.0.12+7), built on Jul 21 2021 16:23:49 by "" with unknown MS VC++:1916

END.
